<?xml version="1.0" encoding="UTF-8"?>
<testng-results ignored="0" total="1" passed="1" failed="0" skipped="0">
  <reporter-output>
  </reporter-output>
  <suite started-at="2024-07-30T16:59:16 IST" name="Default suite" finished-at="2024-07-30T16:59:17 IST" duration-ms="1053">
    <groups>
    </groups>
    <test started-at="2024-07-30T16:59:16 IST" name="Default test" finished-at="2024-07-30T16:59:17 IST" duration-ms="1053">
      <class name="MainPageExecution.MainCode">
        <test-method is-config="true" signature="setUp()[pri:0, instance:MainPageExecution.MainCode@173ed316]" started-at="2024-07-30T16:59:14 IST" name="setUp" finished-at="2024-07-30T16:59:16 IST" duration-ms="1681" status="PASS">
          <reporter-output>
          </reporter-output>
        </test-method> <!-- setUp -->
        <test-method signature="ProductPage()[pri:7, instance:MainPageExecution.MainCode@173ed316]" started-at="2024-07-30T16:59:16 IST" name="ProductPage" finished-at="2024-07-30T16:59:17 IST" duration-ms="1010" status="PASS">
          <reporter-output>
          </reporter-output>
        </test-method> <!-- ProductPage -->
      </class> <!-- MainPageExecution.MainCode -->
    </test> <!-- Default test -->
  </suite> <!-- Default suite -->
</testng-results>
